Arguments: 
  C:\Program Files\nodejs\node.exe C:\Program Files\nodejs\node_modules\yarn\bin\yarn.js

PATH: 
  C:\windows\system32;C:\windows;C:\windows\System32\Wbem;C:\windows\System32\WindowsPowerShell\v1.0\;C:\windows\System32\OpenSSH\;C:\Program Files\dotnet\;C:\Program Files\Git\cmd;C:\Program Files\PuTTY\;C:\ProgramData\chocolatey\bin;C:\Program Files\OpenJDK\openjdk-11.0.16_8\bin;C:\Gradle\gradle-7.5\bin;;C:\Program Files\Docker\Docker\resources\bin;C:\Program Files\nodejs\;C:\Users\rmhar\AppData\Local\pnpm;C:\Users\rmhar\AppData\Local\Android\Sdk\platform-tools;C:\Users\rmhar\AppData\Local\Microsoft\WindowsApps;C:\Users\rmhar\AppData\Local\Programs\Microsoft VS Code\bin;C:\Users\rmhar\.dotnet\tools;C:\Users\rmhar\AppData\Local\Android\Sdk\platform-tools;C:\Users\rmhar\AppData\Local\Android\Sdk\platform-tools;C:\Users\rmhar\AppData\Roaming\npm

Yarn version: 
  1.22.19

Node version: 
  18.16.0

Platform: 
  win32 x64

Trace: 
  SyntaxError: C:\Users\rmhar\AppData\Local\Yarn\Cache\v6\npm-@expo-plist-0.0.20-a6b3124438031c02b762bad5a47b70584d3c0072-integrity\node_modules\@expo\plist\.yarn-metadata.json: Unexpected end of JSON input
      at JSON.parse (<anonymous>)
      at C:\Program Files\nodejs\node_modules\yarn\lib\cli.js:1629:59
      at Generator.next (<anonymous>)
      at step (C:\Program Files\nodejs\node_modules\yarn\lib\cli.js:310:30)
      at C:\Program Files\nodejs\node_modules\yarn\lib\cli.js:321:13

npm manifest: 
  {
    "name": "@acme/expo",
    "version": "0.1.0",
    "main": "index.tsx",
    "scripts": {
      "clean": "git clean -xdf .expo .turbo node_modules",
      "dev": "expo start --ios",
      "dev:android": "expo start --android",
      "dev:ios": "expo start --ios",
      "lint": "eslint .",
      "lint:fix": "pnpm lint --fix",
      "type-check": "tsc --noEmit"
    },
    "dependencies": {
      "@expo/metro-config": "^0.7.1",
      "@shopify/flash-list": "1.4.3",
      "@tanstack/react-query": "^4.29.5",
      "@trpc/client": "^10.23.0",
      "@trpc/react-query": "^10.23.0",
      "@trpc/server": "^10.23.0",
      "expo": "^48.0.15",
      "expo-constants": "~14.2.1",
      "expo-linking": "~4.0.1",
      "expo-router": "^1.5.3",
      "expo-splash-screen": "~0.18.2",
      "expo-status-bar": "~1.4.4",
      "nativewind": "^2.0.11",
      "react": "18.2.0",
      "react-dom": "18.2.0",
      "react-native": "0.71.7",
      "react-native-safe-area-context": "4.5.2",
      "react-native-screens": "~3.20.0",
      "superjson": "1.9.1"
    },
    "devDependencies": {
      "@acme/api": "*",
      "@acme/eslint-config": "*",
      "@acme/tailwind-config": "*",
      "@babel/core": "^7.21.4",
      "@babel/preset-env": "^7.21.4",
      "@babel/runtime": "^7.21.0",
      "@expo/config-plugins": "^6.0.1",
      "@types/babel__core": "^7.20.0",
      "@types/react": "^18.2.0",
      "@types/webpack-env": "^1.18.0",
      "babel-plugin-module-resolver": "^5.0.0",
      "eslint": "^8.39.0",
      "postcss": "^8.4.23",
      "tailwindcss": "^3.3.2",
      "typescript": "^5.0.4"
    },
    "private": true
  }

yarn manifest: 
  No manifest

Lockfile: 
  No lockfile
